2025-07-31T06:29:40.572Z error: Error sending KA welcome message: Unknown interaction
2025-07-31T06:29:40.661Z error: Error handling command ka: Unknown interaction
2025-07-31T06:29:40.749Z error: Error handling interaction: Unknown interaction
2025-07-31T07:10:07.103Z error: Failed to remove role 1400368970560700528: Missing Permissions
2025-07-31T07:10:07.287Z error: Failed to add role 1400369079562408056: Missing Permissions
2025-07-31T07:10:14.769Z error: Failed to remove role 1400368970560700528: Missing Permissions
2025-07-31T07:10:18.475Z error: Failed to remove role 1400368970560700528: Missing Permissions
2025-07-31T07:10:18.599Z error: Failed to add role 1400369079562408056: Missing Permissions
2025-07-31T07:10:54.868Z error: Failed to add role 1400369079562408056: Missing Permissions
2025-07-31T07:11:34.974Z error: Failed to add role 1400369079562408056: Missing Permissions
2025-07-31T07:11:38.261Z error: Failed to add role 1400369155282047077: Missing Permissions
2025-07-31T07:20:50.085Z error: Failed to add role 1400369079562408056: Missing Permissions
2025-07-31T07:20:54.915Z error: Failed to add role 1400369011878793306: Missing Permissions
2025-07-31T17:04:01.298Z error: Error setting up ticket system: Invalid Form Body
components[0].components[0].options[0].emoji.name[BUTTON_COMPONENT_INVALID_EMOJI]: Invalid emoji
components[0].components[0].options[1].emoji.name[BUTTON_COMPONENT_INVALID_EMOJI]: Invalid emoji
components[0].components[0].options[2].emoji.name[BUTTON_COMPONENT_INVALID_EMOJI]: Invalid emoji
components[0].components[0].options[3].emoji.name[BUTTON_COMPONENT_INVALID_EMOJI]: Invalid emoji
components[0].components[0].options[4].emoji.name[BUTTON_COMPONENT_INVALID_EMOJI]: Invalid emoji
components[0].components[0].options[5].emoji.name[BUTTON_COMPONENT_INVALID_EMOJI]: Invalid emoji
2025-07-31T17:04:26.648Z error: Error setting up ticket system: Invalid Form Body
components[0].components[0].options[0].emoji.name[BUTTON_COMPONENT_INVALID_EMOJI]: Invalid emoji
components[0].components[0].options[1].emoji.name[BUTTON_COMPONENT_INVALID_EMOJI]: Invalid emoji
components[0].components[0].options[2].emoji.name[BUTTON_COMPONENT_INVALID_EMOJI]: Invalid emoji
components[0].components[0].options[3].emoji.name[BUTTON_COMPONENT_INVALID_EMOJI]: Invalid emoji
components[0].components[0].options[4].emoji.name[BUTTON_COMPONENT_INVALID_EMOJI]: Invalid emoji
components[0].components[0].options[5].emoji.name[BUTTON_COMPONENT_INVALID_EMOJI]: Invalid emoji
2025-07-31T22:15:10.320Z error: Error in streaming role detection: ActivityType is not defined
2025-07-31T22:16:24.893Z error: Error in streaming role detection: ActivityType is not defined
2025-07-31T22:16:43.328Z error: Error in streaming role detection: ActivityType is not defined
2025-07-31T22:16:49.787Z error: Error in streaming role detection: ActivityType is not defined
2025-07-31T22:16:49.963Z error: Error in streaming role detection: ActivityType is not defined
2025-08-01T02:34:15.675Z error: Failed to add streaming role to Freii: Unknown Role
2025-08-01T02:40:05.483Z error: Failed to remove streaming role from Freii: Unknown Role
2025-08-01T02:43:05.720Z error: Failed to add streaming role to Freii: Unknown Role
2025-08-01T02:47:34.260Z error: Failed to remove streaming role from Freii: Unknown Role
2025-08-01T03:09:35.679Z error: Failed to add streaming role to Freii: Unknown Role
2025-08-01T03:09:57.538Z error: Failed to remove streaming role from Freii: Unknown Role
2025-08-01T19:46:30.514Z error: Date parsing error for "8/1/25 3:00 pm": End date must be at least 30 seconds in the future
2025-08-01T19:46:57.254Z error: Date parsing error for "8/1/25 3:00 PM": End date must be at least 30 seconds in the future
2025-08-01T19:47:19.609Z error: Date parsing error for "8/1/25 3:00 PM": End date must be at least 30 seconds in the future
2025-08-01T19:48:37.494Z error: Date parsing error for "8/1/25 3:00 PM": End date must be at least 30 seconds in the future. Your date is -17317 seconds from now.
2025-08-01T19:59:10.157Z error: Error in raffle-pick command: Cannot read properties of undefined (reading 'getString')
2025-08-01T19:59:10.158Z error: Error handling interaction: The reply to this interaction has already been sent or deferred.
2025-08-01T20:01:55.547Z error: Error in raffle-pick command: Cannot read properties of undefined (reading 'getString')
2025-08-01T20:01:55.548Z error: Error handling interaction: The reply to this interaction has already been sent or deferred.
2025-08-01T21:07:02.671Z error: Failed to create JTC channel: Supplied parameter is not a cached User or Role.
2025-08-01T21:07:03.116Z error: Failed to create JTC channel: Supplied parameter is not a cached User or Role.
2025-08-01T21:07:18.309Z error: Failed to create JTC channel: Supplied parameter is not a cached User or Role.
2025-08-01T21:35:15.981Z error: Error registering slash commands: Command registration timed out after 30 seconds
2025-08-01T21:35:15.982Z error: Command registration failed - commands may not be available
2025-08-01T21:37:20.406Z error: Error registering slash commands: Command registration timed out after 30 seconds
2025-08-01T21:37:20.407Z error: Command registration failed - commands may not be available
2025-08-01T21:45:45.773Z error: Command registration failed: Registration timeout - Discord API may be slow
